statistical 0.18139743785117188
C 0.2100479856810168
H 0.15048409241069505
S 0.19186462613156421

statistical_neighbour 0.2513226191728916
C 0.27539540262363077
H 0.23117570207048
S 0.2469192579146149

statistical_threading 0.24981897842148443
C 0.24226158401243073
H 0.25292057495230247
S 0.2557362990848698

homology 0.680832888953263
C 0.622997310044076
H 0.7193662962696686
S 0.7018201027793379

learning 0.39723690637280923
C 0.3564456277626506
H 0.4100032954226955
S 0.43691245870238704

learning_threading 0.37655799879463664
C 0.32503620902006647
H 0.39850420860976393
S 0.4155725698420041
